\BOOKMARK [1][-]{section.1}{\376\377\000C\000+\000+}{}% 1
\BOOKMARK [2][-]{subsection.1.1}{\376\377\000C\000+\000+\000\040\000t\000e\000m\000p\000l\000a\000t\000e}{section.1}% 2
\BOOKMARK [2][-]{subsection.1.2}{\376\377\000O\000p\000c\000i\000o\000n}{section.1}% 3
\BOOKMARK [2][-]{subsection.1.3}{\376\377\000C\000o\000m\000a\000n\000d\000\040\000t\000o\000\040\000c\000o\000m\000p\000a\000r\000e\000\040\000o\000u\000t\000p\000u\000t}{section.1}% 4
\BOOKMARK [3][-]{subsubsection.1.3.1}{\376\377\000L\000i\000n\000u\000x}{subsection.1.3}% 5
\BOOKMARK [3][-]{subsubsection.1.3.2}{\376\377\000w\000i\000n\000d\000o\000w\000s}{subsection.1.3}% 6
\BOOKMARK [2][-]{subsection.1.4}{\376\377\000B\000i\000t\000s\000\040\000M\000a\000n\000i\000p\000u\000l\000a\000t\000i\000o\000n}{section.1}% 7
\BOOKMARK [2][-]{subsection.1.5}{\376\377\000C\000u\000s\000t\000o\000m\000\040\000H\000a\000s\000h}{section.1}% 8
\BOOKMARK [2][-]{subsection.1.6}{\376\377\000T\000r\000i\000e}{section.1}% 9
\BOOKMARK [2][-]{subsection.1.7}{\376\377\000S\000u\000f\000f\000i\000x\000\040\000T\000r\000e\000e}{section.1}% 10
\BOOKMARK [1][-]{section.2}{\376\377\000G\000r\000a\000p\000h\000\040\000a\000l\000g\000o\000r\000i\000t\000h\000m\000s}{}% 11
\BOOKMARK [2][-]{subsection.2.1}{\376\377\000D\000F\000S\000\040\000c\000p\000b\000o\000o\000k}{section.2}% 12
\BOOKMARK [2][-]{subsection.2.2}{\376\377\000D\000F\000S\000\040\000i\000t\000e\000r\000a\000t\000i\000v\000o\000\040\000-\000\040\000L\000u\000c\000a\000s}{section.2}% 13
\BOOKMARK [2][-]{subsection.2.3}{\376\377\000B\000F\000S\000\040\000c\000p\000b\000o\000o\000k}{section.2}% 14
\BOOKMARK [2][-]{subsection.2.4}{\376\377\000B\000F\000S\000\040\000p\000a\000r\000a\000\040\000c\000a\000m\000i\000n\000o\000\040\000m\000a\000s\000\040\000c\000o\000r\000t\000o\000\040\000d\000e\000\040\000U\000N\000\040\000n\000o\000d\000o\000\040\000a\000\040\000t\000o\000d\000o\000s\000\040\000l\000o\000s\000\040\000D\000E\000M\000A\000S}{section.2}% 15
\BOOKMARK [2][-]{subsection.2.5}{\376\377\000B\000F\000S\000\040\000b\000i\000p\000a\000r\000t\000i\000t\000o}{section.2}% 16
\BOOKMARK [2][-]{subsection.2.6}{\376\377\000D\000F\000S\000\040\000d\000e\000t\000e\000c\000t\000\040\000c\000y\000c\000l\000e}{section.2}% 17
\BOOKMARK [2][-]{subsection.2.7}{\376\377\000D\000i\000j\000k\000s\000t\000r\000a\000\040\000c\000a\000m\000i\000n\000o\000\040\000m\000a\000s\000\040\000c\000o\000r\000t\000o\000\040\000g\000r\000a\000f\000o\000\040\000d\000i\000r\000i\000g\000i\000d\000o\000\040\000C\000O\000N\000\040\000P\000E\000S\000O\000S\000\050\000O\000\050\000\050\000V\000+\000E\000\051\000l\000o\000g\000\040\000V\000\051\000\051}{section.2}% 18
\BOOKMARK [1][-]{section.3}{\376\377\000D\000a\000t\000a\000\040\000S\000t\000r\000u\000c\000t\000u\000r\000e\000s}{}% 19
\BOOKMARK [2][-]{subsection.3.1}{\376\377\000u\000n\000o\000r\000d\000e\000r\000e\000d\000\137\000m\000a\000p\000<\000c\000l\000a\000v\000e\000,\000v\000a\000l\000o\000r\000>\000\050\000h\000a\000c\000e\000r\000\040\000s\000i\000e\000m\000p\000r\000e\000\040\000R\000E\000S\000E\000R\000V\000E\000\051}{section.3}% 20
\BOOKMARK [3][-]{subsubsection.3.1.1}{\376\377\000E\000j\000e\000m\000p\000l\000o\000\040\000b\000a\000s\000i\000c\000o\000\040\000C\000o\000n\000t\000a\000r\000\040\000f\000r\000e\000c\000u\000e\000n\000c\000i\000a\000s}{subsection.3.1}% 21
\BOOKMARK [3][-]{subsubsection.3.1.2}{\376\377\000B\000u\000s\000c\000a\000r\000\040\000e\000x\000i\000s\000t\000e\000n\000c\000i\000a\000\040\000d\000e\000\040\000u\000n\000a\000\040\000l\000l\000a\000v\000e}{subsection.3.1}% 22
\BOOKMARK [3][-]{subsubsection.3.1.3}{\376\377\000T\000r\000a\000n\000s\000f\000o\000r\000m\000a\000r\000\040\000i\000n\000d\000i\000c\000e\000s\000\040\000d\000i\000s\000p\000e\000r\000s\000o\000s\000\040\000a\000\040\000c\000o\000n\000t\000i\000n\000u\000o\000s}{subsection.3.1}% 23
\BOOKMARK [3][-]{subsubsection.3.1.4}{\376\377\000H\000a\000s\000h\000i\000n\000g\000\040\000p\000a\000i\000r}{subsection.3.1}% 24
\BOOKMARK [2][-]{subsection.3.2}{\376\377\000u\000n\000o\000r\000d\000e\000r\000e\000d\000\137\000s\000e\000t\000<\000c\000l\000a\000v\000e\000>\000\050\000h\000a\000c\000e\000r\000\040\000s\000i\000e\000m\000p\000r\000e\000\040\000R\000E\000S\000E\000R\000V\000E\000\051}{section.3}% 25
\BOOKMARK [2][-]{subsection.3.3}{\376\377\000u\000n\000o\000r\000d\000e\000r\000e\000d\000\137\000m\000u\000l\000t\000i\000m\000a\000p\000<\000c\000l\000a\000v\000e\000,\000v\000a\000l\000o\000r\000E\000S\000>\000\050\000h\000a\000c\000e\000r\000\040\000s\000i\000e\000m\000p\000r\000e\000\040\000R\000E\000S\000E\000R\000V\000E\000\051}{section.3}% 26
\BOOKMARK [3][-]{subsubsection.3.3.1}{\376\377\000E\000j\000e\000m\000p\000l\000o\000\040\000b\000a\000s\000i\000c\000o}{subsection.3.3}% 27
\BOOKMARK [3][-]{subsubsection.3.3.2}{\376\377\000B\000u\000s\000c\000a\000r\000\040\000p\000o\000r\000\040\000c\000l\000a\000v\000e}{subsection.3.3}% 28
\BOOKMARK [3][-]{subsubsection.3.3.3}{\376\377\000D\000e\000l\000e\000t\000e}{subsection.3.3}% 29
\BOOKMARK [2][-]{subsection.3.4}{\376\377\000D\000i\000s\000j\000o\000i\000n\000t\000\040\000S\000e\000t\000\040\000U\000n\000i\000o\000n}{section.3}% 30
\BOOKMARK [2][-]{subsection.3.5}{\376\377\000F\000e\000n\000w\000i\000c\000k\000\040\000T\000r\000e\000e}{section.3}% 31
\BOOKMARK [2][-]{subsection.3.6}{\376\377\000S\000e\000g\000m\000e\000n\000t\000\040\000T\000r\000e\000e}{section.3}% 32
\BOOKMARK [2][-]{subsection.3.7}{\376\377\000O\000r\000d\000e\000r\000\040\000S\000t\000a\000t\000i\000s\000t\000i\000c\000s\000\040\000T\000r\000e\000e}{section.3}% 33
\BOOKMARK [3][-]{subsubsection.3.7.1}{\376\377\000Q\000u\000i\000c\000k\000\040\000S\000e\000l\000c\000t}{subsection.3.7}% 34
\BOOKMARK [2][-]{subsection.3.8}{\376\377\000O\000r\000d\000e\000r\000e\000d\000\040\000S\000t\000a\000t\000i\000s\000t\000i\000c\000s\000\040\000T\000r\000e\000e}{section.3}% 35
\BOOKMARK [1][-]{section.4}{\376\377\000M\000a\000t\000h}{}% 36
\BOOKMARK [2][-]{subsection.4.1}{\376\377\000P\000r\000i\000m\000e\000\040\000N\000u\000m\000b\000e\000r\000s\000\040\0001\000-\0002\0000\0000\0000}{section.4}% 37
\BOOKMARK [2][-]{subsection.4.2}{\376\377\000S\000e\000r\000i\000e\000\040\000d\000e\000\040\000F\000i\000b\000o\000n\000a\000c\000c\000i\000\040\000\050\000h\000a\000s\000t\000a\000\040\000n\000=\0002\0000\000\051}{section.4}% 38
\BOOKMARK [2][-]{subsection.4.3}{\376\377\000F\000a\000c\000t\000o\000r\000i\000a\000l\000\040\000\050\000h\000a\000s\000t\000a\000\040\000n\000=\0002\0000\000\051}{section.4}% 39
\BOOKMARK [2][-]{subsection.4.4}{\376\377\000N\000u\000m\000e\000r\000o\000s\000\040\000T\000r\000i\000a\000n\000g\000u\000l\000a\000r\000e\000s\000\040\000\050\000h\000a\000s\000t\000a\000\040\000n\000=\0002\0000\000\051}{section.4}% 40
\BOOKMARK [2][-]{subsection.4.5}{\376\377\000N\000u\000m\000e\000r\000o\000s\000\040\000C\000u\000a\000d\000r\000a\000d\000o\000s\000\040\000\050\000h\000a\000s\000t\000a\000\040\000n\000=\0002\0000\000\051}{section.4}% 41
\BOOKMARK [2][-]{subsection.4.6}{\376\377\000S\000i\000m\000p\000l\000e\000\040\000S\000i\000e\000v\000e\000\040\000o\000f\000\040\000E\000r\000a\000t\000o\000s\000t\000h\000e\000n\000e\000s\000\040\000O\000\050\000n\000*\000l\000o\000g\000\050\000l\000o\000g\000\050\000n\000\051\000\051\000\051\000\040\000-\000\040\000c\000o\000n\000\040\000n\000=\0001\000e\0007\000\040\0001\000.\0002\0005\000\040\000M\000B}{section.4}% 42
\BOOKMARK [2][-]{subsection.4.7}{\376\377\000S\000m\000a\000l\000l\000e\000s\000t\000\040\000P\000r\000i\000m\000e\000\040\000F\000a\000c\000t\000o\000r\000\040\000A\000N\000D\000\040\000S\000i\000e\000v\000e\000\040\000o\000f\000\040\000E\000r\000a\000t\000o\000s\000t\000h\000e\000n\000e\000s\000\040\000O\000\050\000n\000\051\000\040\000-\000\040\000c\000o\000n\000\040\000n\000=\0001\000e\0007\000\040\0004\0005\000\040\000M\000B}{section.4}% 43
\BOOKMARK [2][-]{subsection.4.8}{\376\377\000S\000m\000a\000l\000l\000e\000s\000t\000\040\000P\000r\000i\000m\000e\000\040\000F\000a\000c\000t\000o\000r\000\040\000P\000i\000t\000o\000n\000+\000+}{section.4}% 44
\BOOKMARK [2][-]{subsection.4.9}{\376\377\000C\000o\000m\000b\000i\000n\000a\000t\000o\000r\000i\000c\000s}{section.4}% 45
\BOOKMARK [3][-]{subsubsection.4.9.1}{\376\377\000N\000e\000x\000t\000\040\000p\000e\000r\000m\000u\000t\000a\000t\000i\000o\000n}{subsection.4.9}% 46
\BOOKMARK [1][-]{section.5}{\376\377\000D\000y\000n\000a\000m\000i\000c\000\040\000P\000r\000o\000g\000r\000a\000m\000m\000i\000n\000g}{}% 47
\BOOKMARK [1][-]{section.6}{\376\377\000M\000i\000s\000c\000e\000l\000l\000a\000n\000e\000o\000u\000s}{}% 48
\BOOKMARK [2][-]{subsection.6.1}{\376\377\000T\000e\000r\000n\000a\000r\000y\000\040\000S\000e\000a\000r\000c\000h}{section.6}% 49
